Analysis & Elaboration report for MIPS
Fri Nov  6 19:51:21 2020
Quartus Prime Version 20.1.0 Build 711 06/05/2020 SJ Lite Edition


---------------------
; Table of Contents ;
---------------------
  1. Legal Notice
  2. Analysis & Elaboration Summary
  3. Parallel Compilation
  4. Parameter Settings for User Entity Instance: Top-level Entity: |FDMIPS
  5. Parameter Settings for User Entity Instance: registradorGenerico:PC
  6. Parameter Settings for User Entity Instance: muxGenerico2x1:MUXBEQ
  7. Parameter Settings for User Entity Instance: somadorGenerico:somaSHIFT
  8. Parameter Settings for User Entity Instance: muxGenerico2x1:MUXBCREG3
  9. Parameter Settings for User Entity Instance: ROMMIPS:ROM
 10. Parameter Settings for User Entity Instance: somaConstante:somaQuatro
 11. Parameter Settings for User Entity Instance: muxGenerico2x1:MUXFETCH
 12. Parameter Settings for User Entity Instance: bancoRegistradores:BancoRegistradores
 13. Parameter Settings for User Entity Instance: muxGenerico2x1:MUXRegImed
 14. Parameter Settings for User Entity Instance: ULA:ULA
 15. Parameter Settings for User Entity Instance: muxGenerico2x1:MUXUlaRam
 16. Parameter Settings for User Entity Instance: estendeSinal:Extensor
 17. Parameter Settings for User Entity Instance: RAMMIPS:RAM
 18. Analysis & Elaboration Settings
 19. Port Connectivity Checks: "RAMMIPS:RAM"
 20. Port Connectivity Checks: "UC:UC"
 21. Port Connectivity Checks: "muxGenerico2x1:MUXFETCH"
 22. Port Connectivity Checks: "somadorGenerico:somaSHIFT"
 23. Port Connectivity Checks: "registradorGenerico:PC"
 24. Analysis & Elaboration Messages



----------------
; Legal Notice ;
----------------
Copyright (C) 2020  Intel Corporation. All rights reserved.
Your use of Intel Corporation's design tools, logic functions 
and other software and tools, and any partner logic 
functions, and any output files from any of the foregoing 
(including device programming or simulation files), and any 
associated documentation or information are expressly subject 
to the terms and conditions of the Intel Program License 
Subscription Agreement, the Intel Quartus Prime License Agreement,
the Intel FPGA IP License Agreement, or other applicable license
agreement, including, without limitation, that your use is for
the sole purpose of programming logic devices manufactured by
Intel and sold by Intel or its authorized distributors.  Please
refer to the applicable agreement for further details, at
https://fpgasoftware.intel.com/eula.



+-----------------------------------------------------------------------------+
; Analysis & Elaboration Summary                                              ;
+-------------------------------+---------------------------------------------+
; Analysis & Elaboration Status ; Successful - Fri Nov  6 19:51:21 2020       ;
; Quartus Prime Version         ; 20.1.0 Build 711 06/05/2020 SJ Lite Edition ;
; Revision Name                 ; MIPS                                        ;
; Top-level Entity Name         ; FDMIPS                                      ;
; Family                        ; Cyclone V                                   ;
; Logic utilization (in ALMs)   ; N/A until Partition Merge                   ;
; Total registers               ; N/A until Partition Merge                   ;
; Total pins                    ; N/A until Partition Merge                   ;
; Total virtual pins            ; N/A until Partition Merge                   ;
; Total block memory bits       ; N/A until Partition Merge                   ;
; Total PLLs                    ; N/A until Partition Merge                   ;
; Total DLLs                    ; N/A until Partition Merge                   ;
+-------------------------------+---------------------------------------------+


+------------------------------------------+
; Parallel Compilation                     ;
+----------------------------+-------------+
; Processors                 ; Number      ;
+----------------------------+-------------+
; Number detected on machine ; 4           ;
; Maximum allowed            ; 2           ;
;                            ;             ;
; Average used               ; 1.00        ;
; Maximum used               ; 1           ;
;                            ;             ;
; Usage by Processor         ; % Time Used ;
;     Processor 1            ; 100.0%      ;
+----------------------------+-------------+


+------------------------------------------------------------------------+
; Parameter Settings for User Entity Instance: Top-level Entity: |FDMIPS ;
+-----------------------+-------+----------------------------------------+
; Parameter Name        ; Value ; Type                                   ;
+-----------------------+-------+----------------------------------------+
; DATA_WIDTH_ROM        ; 32    ; Signed Integer                         ;
; ADDR_WIDTH_ROM        ; 32    ; Signed Integer                         ;
; DATA_WIDTH_RAM        ; 32    ; Signed Integer                         ;
; ADDR_WIDTH_RAM        ; 32    ; Signed Integer                         ;
; DATA_WIDTH_REG        ; 32    ; Signed Integer                         ;
; ADDR_WIDTH_REG        ; 5     ; Signed Integer                         ;
; IMEDIATO_WIDTH        ; 16    ; Signed Integer                         ;
; IMEDJMP_WIDTH         ; 26    ; Signed Integer                         ;
; pontosDeControleWIDTH ; 11    ; Signed Integer                         ;
+-----------------------+-------+----------------------------------------+
Note: In order to hide this table in the UI and the text report file, please set the "Show Parameter Settings in Synthesis Report" option in "Analysis and Synthesis Settings -> More Settings" to "Off".


+---------------------------------------------------------------------+
; Parameter Settings for User Entity Instance: registradorGenerico:PC ;
+----------------+-------+--------------------------------------------+
; Parameter Name ; Value ; Type                                       ;
+----------------+-------+--------------------------------------------+
; larguradados   ; 32    ; Signed Integer                             ;
+----------------+-------+--------------------------------------------+
Note: In order to hide this table in the UI and the text report file, please set the "Show Parameter Settings in Synthesis Report" option in "Analysis and Synthesis Settings -> More Settings" to "Off".


+--------------------------------------------------------------------+
; Parameter Settings for User Entity Instance: muxGenerico2x1:MUXBEQ ;
+----------------+-------+-------------------------------------------+
; Parameter Name ; Value ; Type                                      ;
+----------------+-------+-------------------------------------------+
; larguradados   ; 32    ; Signed Integer                            ;
+----------------+-------+-------------------------------------------+
Note: In order to hide this table in the UI and the text report file, please set the "Show Parameter Settings in Synthesis Report" option in "Analysis and Synthesis Settings -> More Settings" to "Off".


+------------------------------------------------------------------------+
; Parameter Settings for User Entity Instance: somadorGenerico:somaSHIFT ;
+----------------+-------+-----------------------------------------------+
; Parameter Name ; Value ; Type                                          ;
+----------------+-------+-----------------------------------------------+
; larguradados   ; 32    ; Signed Integer                                ;
+----------------+-------+-----------------------------------------------+
Note: In order to hide this table in the UI and the text report file, please set the "Show Parameter Settings in Synthesis Report" option in "Analysis and Synthesis Settings -> More Settings" to "Off".


+-----------------------------------------------------------------------+
; Parameter Settings for User Entity Instance: muxGenerico2x1:MUXBCREG3 ;
+----------------+-------+----------------------------------------------+
; Parameter Name ; Value ; Type                                         ;
+----------------+-------+----------------------------------------------+
; larguradados   ; 5     ; Signed Integer                               ;
+----------------+-------+----------------------------------------------+
Note: In order to hide this table in the UI and the text report file, please set the "Show Parameter Settings in Synthesis Report" option in "Analysis and Synthesis Settings -> More Settings" to "Off".


+----------------------------------------------------------+
; Parameter Settings for User Entity Instance: ROMMIPS:ROM ;
+-----------------+-------+--------------------------------+
; Parameter Name  ; Value ; Type                           ;
+-----------------+-------+--------------------------------+
; datawidth       ; 32    ; Signed Integer                 ;
; addrwidth       ; 32    ; Signed Integer                 ;
; memoryaddrwidth ; 6     ; Signed Integer                 ;
+-----------------+-------+--------------------------------+
Note: In order to hide this table in the UI and the text report file, please set the "Show Parameter Settings in Synthesis Report" option in "Analysis and Synthesis Settings -> More Settings" to "Off".


+-----------------------------------------------------------------------+
; Parameter Settings for User Entity Instance: somaConstante:somaQuatro ;
+----------------+-------+----------------------------------------------+
; Parameter Name ; Value ; Type                                         ;
+----------------+-------+----------------------------------------------+
; larguradados   ; 32    ; Signed Integer                               ;
; constante      ; 4     ; Signed Integer                               ;
+----------------+-------+----------------------------------------------+
Note: In order to hide this table in the UI and the text report file, please set the "Show Parameter Settings in Synthesis Report" option in "Analysis and Synthesis Settings -> More Settings" to "Off".


+----------------------------------------------------------------------+
; Parameter Settings for User Entity Instance: muxGenerico2x1:MUXFETCH ;
+----------------+-------+---------------------------------------------+
; Parameter Name ; Value ; Type                                        ;
+----------------+-------+---------------------------------------------+
; larguradados   ; 32    ; Signed Integer                              ;
+----------------+-------+---------------------------------------------+
Note: In order to hide this table in the UI and the text report file, please set the "Show Parameter Settings in Synthesis Report" option in "Analysis and Synthesis Settings -> More Settings" to "Off".


+------------------------------------------------------------------------------------+
; Parameter Settings for User Entity Instance: bancoRegistradores:BancoRegistradores ;
+---------------------+-------+------------------------------------------------------+
; Parameter Name      ; Value ; Type                                                 ;
+---------------------+-------+------------------------------------------------------+
; larguradados        ; 32    ; Signed Integer                                       ;
; larguraendbancoregs ; 5     ; Signed Integer                                       ;
+---------------------+-------+------------------------------------------------------+
Note: In order to hide this table in the UI and the text report file, please set the "Show Parameter Settings in Synthesis Report" option in "Analysis and Synthesis Settings -> More Settings" to "Off".


+------------------------------------------------------------------------+
; Parameter Settings for User Entity Instance: muxGenerico2x1:MUXRegImed ;
+----------------+-------+-----------------------------------------------+
; Parameter Name ; Value ; Type                                          ;
+----------------+-------+-----------------------------------------------+
; larguradados   ; 32    ; Signed Integer                                ;
+----------------+-------+-----------------------------------------------+
Note: In order to hide this table in the UI and the text report file, please set the "Show Parameter Settings in Synthesis Report" option in "Analysis and Synthesis Settings -> More Settings" to "Off".


+------------------------------------------------------+
; Parameter Settings for User Entity Instance: ULA:ULA ;
+----------------+-------+-----------------------------+
; Parameter Name ; Value ; Type                        ;
+----------------+-------+-----------------------------+
; larguradados   ; 32    ; Signed Integer              ;
+----------------+-------+-----------------------------+
Note: In order to hide this table in the UI and the text report file, please set the "Show Parameter Settings in Synthesis Report" option in "Analysis and Synthesis Settings -> More Settings" to "Off".


+-----------------------------------------------------------------------+
; Parameter Settings for User Entity Instance: muxGenerico2x1:MUXUlaRam ;
+----------------+-------+----------------------------------------------+
; Parameter Name ; Value ; Type                                         ;
+----------------+-------+----------------------------------------------+
; larguradados   ; 32    ; Signed Integer                               ;
+----------------+-------+----------------------------------------------+
Note: In order to hide this table in the UI and the text report file, please set the "Show Parameter Settings in Synthesis Report" option in "Analysis and Synthesis Settings -> More Settings" to "Off".


+--------------------------------------------------------------------+
; Parameter Settings for User Entity Instance: estendeSinal:Extensor ;
+-----------------+-------+------------------------------------------+
; Parameter Name  ; Value ; Type                                     ;
+-----------------+-------+------------------------------------------+
; larguradadosin  ; 16    ; Signed Integer                           ;
; larguradadosout ; 32    ; Signed Integer                           ;
+-----------------+-------+------------------------------------------+
Note: In order to hide this table in the UI and the text report file, please set the "Show Parameter Settings in Synthesis Report" option in "Analysis and Synthesis Settings -> More Settings" to "Off".


+----------------------------------------------------------+
; Parameter Settings for User Entity Instance: RAMMIPS:RAM ;
+-----------------+-------+--------------------------------+
; Parameter Name  ; Value ; Type                           ;
+-----------------+-------+--------------------------------+
; datawidth       ; 32    ; Signed Integer                 ;
; addrwidth       ; 32    ; Signed Integer                 ;
; memoryaddrwidth ; 6     ; Signed Integer                 ;
+-----------------+-------+--------------------------------+
Note: In order to hide this table in the UI and the text report file, please set the "Show Parameter Settings in Synthesis Report" option in "Analysis and Synthesis Settings -> More Settings" to "Off".


+---------------------------------------------------------------------------------------------------------------------------+
; Analysis & Elaboration Settings                                                                                           ;
+---------------------------------------------------------------------------------+--------------------+--------------------+
; Option                                                                          ; Setting            ; Default Value      ;
+---------------------------------------------------------------------------------+--------------------+--------------------+
; Device                                                                          ; 5CEBA4F23C7        ;                    ;
; Top-level entity name                                                           ; FDMIPS             ; MIPS               ;
; Family name                                                                     ; Cyclone V          ; Cyclone V          ;
; VHDL Show LMF Mapping Messages                                                  ; Off                ;                    ;
; VHDL Version                                                                    ; VHDL_2008          ; VHDL_1993          ;
; Optimization Technique                                                          ; Speed              ; Balanced           ;
; Use smart compilation                                                           ; Off                ; Off                ;
; Enable parallel Assembler and Timing Analyzer during compilation                ; On                 ; On                 ;
; Enable compact report table                                                     ; Off                ; Off                ;
; Restructure Multiplexers                                                        ; Auto               ; Auto               ;
; MLAB Add Timing Constraints For Mixed-Port Feed-Through Mode Setting Don't Care ; Off                ; Off                ;
; Create Debugging Nodes for IP Cores                                             ; Off                ; Off                ;
; Preserve fewer node names                                                       ; On                 ; On                 ;
; Intel FPGA IP Evaluation Mode                                                   ; Enable             ; Enable             ;
; Verilog Version                                                                 ; Verilog_2001       ; Verilog_2001       ;
; State Machine Processing                                                        ; Auto               ; Auto               ;
; Safe State Machine                                                              ; Off                ; Off                ;
; Extract Verilog State Machines                                                  ; On                 ; On                 ;
; Extract VHDL State Machines                                                     ; On                 ; On                 ;
; Ignore Verilog initial constructs                                               ; Off                ; Off                ;
; Iteration limit for constant Verilog loops                                      ; 5000               ; 5000               ;
; Iteration limit for non-constant Verilog loops                                  ; 250                ; 250                ;
; Add Pass-Through Logic to Inferred RAMs                                         ; On                 ; On                 ;
; Infer RAMs from Raw Logic                                                       ; On                 ; On                 ;
; Parallel Synthesis                                                              ; On                 ; On                 ;
; DSP Block Balancing                                                             ; Auto               ; Auto               ;
; NOT Gate Push-Back                                                              ; On                 ; On                 ;
; Power-Up Don't Care                                                             ; On                 ; On                 ;
; Remove Redundant Logic Cells                                                    ; Off                ; Off                ;
; Remove Duplicate Registers                                                      ; On                 ; On                 ;
; Ignore CARRY Buffers                                                            ; Off                ; Off                ;
; Ignore CASCADE Buffers                                                          ; Off                ; Off                ;
; Ignore GLOBAL Buffers                                                           ; Off                ; Off                ;
; Ignore ROW GLOBAL Buffers                                                       ; Off                ; Off                ;
; Ignore LCELL Buffers                                                            ; Off                ; Off                ;
; Ignore SOFT Buffers                                                             ; On                 ; On                 ;
; Limit AHDL Integers to 32 Bits                                                  ; Off                ; Off                ;
; Carry Chain Length                                                              ; 70                 ; 70                 ;
; Auto Carry Chains                                                               ; On                 ; On                 ;
; Auto Open-Drain Pins                                                            ; On                 ; On                 ;
; Perform WYSIWYG Primitive Resynthesis                                           ; Off                ; Off                ;
; Auto ROM Replacement                                                            ; On                 ; On                 ;
; Auto RAM Replacement                                                            ; On                 ; On                 ;
; Auto DSP Block Replacement                                                      ; On                 ; On                 ;
; Auto Shift Register Replacement                                                 ; Auto               ; Auto               ;
; Allow Shift Register Merging across Hierarchies                                 ; Auto               ; Auto               ;
; Auto Clock Enable Replacement                                                   ; On                 ; On                 ;
; Strict RAM Replacement                                                          ; Off                ; Off                ;
; Allow Synchronous Control Signals                                               ; On                 ; On                 ;
; Force Use of Synchronous Clear Signals                                          ; Off                ; Off                ;
; Auto Resource Sharing                                                           ; Off                ; Off                ;
; Allow Any RAM Size For Recognition                                              ; Off                ; Off                ;
; Allow Any ROM Size For Recognition                                              ; Off                ; Off                ;
; Allow Any Shift Register Size For Recognition                                   ; Off                ; Off                ;
; Use LogicLock Constraints during Resource Balancing                             ; On                 ; On                 ;
; Ignore translate_off and synthesis_off directives                               ; Off                ; Off                ;
; Timing-Driven Synthesis                                                         ; On                 ; On                 ;
; Report Parameter Settings                                                       ; On                 ; On                 ;
; Report Source Assignments                                                       ; On                 ; On                 ;
; Report Connectivity Checks                                                      ; On                 ; On                 ;
; Ignore Maximum Fan-Out Assignments                                              ; Off                ; Off                ;
; Synchronization Register Chain Length                                           ; 3                  ; 3                  ;
; Power Optimization During Synthesis                                             ; Normal compilation ; Normal compilation ;
; HDL message level                                                               ; Level2             ; Level2             ;
; Suppress Register Optimization Related Messages                                 ; Off                ; Off                ;
; Number of Removed Registers Reported in Synthesis Report                        ; 5000               ; 5000               ;
; Number of Swept Nodes Reported in Synthesis Report                              ; 5000               ; 5000               ;
; Number of Inverted Registers Reported in Synthesis Report                       ; 100                ; 100                ;
; Clock MUX Protection                                                            ; On                 ; On                 ;
; Auto Gated Clock Conversion                                                     ; Off                ; Off                ;
; Block Design Naming                                                             ; Auto               ; Auto               ;
; SDC constraint protection                                                       ; Off                ; Off                ;
; Synthesis Effort                                                                ; Auto               ; Auto               ;
; Shift Register Replacement - Allow Asynchronous Clear Signal                    ; On                 ; On                 ;
; Pre-Mapping Resynthesis Optimization                                            ; Off                ; Off                ;
; Analysis & Synthesis Message Level                                              ; Medium             ; Medium             ;
; Disable Register Merging Across Hierarchies                                     ; Auto               ; Auto               ;
; Resource Aware Inference For Block RAM                                          ; On                 ; On                 ;
; Automatic Parallel Synthesis                                                    ; On                 ; On                 ;
; Partial Reconfiguration Bitstream ID                                            ; Off                ; Off                ;
+---------------------------------------------------------------------------------+--------------------+--------------------+


+-----------------------------------------+
; Port Connectivity Checks: "RAMMIPS:RAM" ;
+------+-------+----------+---------------+
; Port ; Type  ; Severity ; Details       ;
+------+-------+----------+---------------+
; we   ; Input ; Info     ; Stuck at GND  ;
+------+-------+----------+---------------+


+---------------------------------------------------------------------------------------------------------------------------------+
; Port Connectivity Checks: "UC:UC"                                                                                               ;
+-----------------------+--------+----------+-------------------------------------------------------------------------------------+
; Port                  ; Type   ; Severity ; Details                                                                             ;
+-----------------------+--------+----------+-------------------------------------------------------------------------------------+
; palavracontrole[1..0] ; Output ; Info     ; Connected to dangling logic. Logic that only feeds a dangling port will be removed. ;
+-----------------------+--------+----------+-------------------------------------------------------------------------------------+


+------------------------------------------------------+
; Port Connectivity Checks: "muxGenerico2x1:MUXFETCH"  ;
+--------------------+-------+----------+--------------+
; Port               ; Type  ; Severity ; Details      ;
+--------------------+-------+----------+--------------+
; entradab_mux[1..0] ; Input ; Info     ; Stuck at GND ;
+--------------------+-------+----------+--------------+


+-------------------------------------------------------+
; Port Connectivity Checks: "somadorGenerico:somaSHIFT" ;
+----------------+-------+----------+-------------------+
; Port           ; Type  ; Severity ; Details           ;
+----------------+-------+----------+-------------------+
; entradab[1..0] ; Input ; Info     ; Stuck at GND      ;
+----------------+-------+----------+-------------------+


+----------------------------------------------------+
; Port Connectivity Checks: "registradorGenerico:PC" ;
+--------+-------+----------+------------------------+
; Port   ; Type  ; Severity ; Details                ;
+--------+-------+----------+------------------------+
; enable ; Input ; Info     ; Stuck at VCC           ;
; rst    ; Input ; Info     ; Stuck at GND           ;
+--------+-------+----------+------------------------+


+---------------------------------+
; Analysis & Elaboration Messages ;
+---------------------------------+
Info: *******************************************************************
Info: Running Quartus Prime Analysis & Elaboration
    Info: Version 20.1.0 Build 711 06/05/2020 SJ Lite Edition
    Info: Processing started: Fri Nov  6 19:51:13 2020
Info: Command: quartus_map --read_settings_files=on --write_settings_files=off MIPS -c MIPS --analysis_and_elaboration
Warning (18236): Number of processors has not been specified which may cause overloading on shared machines.  Set the global assignment NUM_PARALLEL_PROCESSORS in your QSF to an appropriate value for best performance.
Info (20030): Parallel compilation is enabled and will use 2 of the 2 processors detected
Info (12021): Found 1 design units, including 1 entities, in source file DE0_CV_golden_top.v
    Info (12023): Found entity 1: DE0_CV_golden_top File: /home/borg/Documents/MIPS/DE0_CV_golden_top.v Line: 54
Info (12021): Found 2 design units, including 1 entities, in source file bancoRegistradores.vhd
    Info (12022): Found design unit 1: bancoRegistradores-comportamento File: /home/borg/Documents/MIPS/bancoRegistradores.vhd Line: 30
    Info (12023): Found entity 1: bancoRegistradores File: /home/borg/Documents/MIPS/bancoRegistradores.vhd Line: 7
Info (12021): Found 2 design units, including 1 entities, in source file ROMMIPS.vhd
    Info (12022): Found design unit 1: ROMMIPS-assincrona File: /home/borg/Documents/MIPS/ROMMIPS.vhd Line: 16
    Info (12023): Found entity 1: ROMMIPS File: /home/borg/Documents/MIPS/ROMMIPS.vhd Line: 6
Info (12021): Found 2 design units, including 1 entities, in source file RAMMIPS.vhd
    Info (12022): Found design unit 1: RAMMIPS-assincrona File: /home/borg/Documents/MIPS/RAMMIPS.vhd Line: 19
    Info (12023): Found entity 1: RAMMIPS File: /home/borg/Documents/MIPS/RAMMIPS.vhd Line: 6
Info (12021): Found 2 design units, including 1 entities, in source file registradorGenerico.vhd
    Info (12022): Found design unit 1: registradorGenerico-comportamento File: /home/borg/Documents/MIPS/registradorGenerico.vhd Line: 15
    Info (12023): Found entity 1: registradorGenerico File: /home/borg/Documents/MIPS/registradorGenerico.vhd Line: 4
Info (12021): Found 2 design units, including 1 entities, in source file ULA.vhd
    Info (12022): Found design unit 1: ULA-comportamento File: /home/borg/Documents/MIPS/ULA.vhd Line: 19
    Info (12023): Found entity 1: ULA File: /home/borg/Documents/MIPS/ULA.vhd Line: 5
Info (12021): Found 2 design units, including 1 entities, in source file FDMIPS.vhd
    Info (12022): Found design unit 1: FDMIPS-comportamento File: /home/borg/Documents/MIPS/FDMIPS.vhd Line: 27
    Info (12023): Found entity 1: FDMIPS File: /home/borg/Documents/MIPS/FDMIPS.vhd Line: 5
Info (12021): Found 2 design units, including 1 entities, in source file somaConstante.vhd
    Info (12022): Found design unit 1: somaConstante-comportamento File: /home/borg/Documents/MIPS/somaConstante.vhd Line: 16
    Info (12023): Found entity 1: somaConstante File: /home/borg/Documents/MIPS/somaConstante.vhd Line: 5
Info (12021): Found 2 design units, including 1 entities, in source file UC.vhd
    Info (12022): Found design unit 1: UC-comportamento File: /home/borg/Documents/MIPS/UC.vhd Line: 14
    Info (12023): Found entity 1: UC File: /home/borg/Documents/MIPS/UC.vhd Line: 5
Info (12021): Found 2 design units, including 1 entities, in source file muxGenerico2x1.vhd
    Info (12022): Found design unit 1: muxGenerico2x1-comportamento File: /home/borg/Documents/MIPS/muxGenerico2x1.vhd Line: 14
    Info (12023): Found entity 1: muxGenerico2x1 File: /home/borg/Documents/MIPS/muxGenerico2x1.vhd Line: 4
Info (12021): Found 2 design units, including 1 entities, in source file somadorGenerico.vhd
    Info (12022): Found design unit 1: somadorGenerico-comportamento File: /home/borg/Documents/MIPS/somadorGenerico.vhd Line: 17
    Info (12023): Found entity 1: somadorGenerico File: /home/borg/Documents/MIPS/somadorGenerico.vhd Line: 5
Info (12021): Found 2 design units, including 1 entities, in source file estendeSinal.vhd
    Info (12022): Found design unit 1: estendeSinal-comportamento File: /home/borg/Documents/MIPS/estendeSinal.vhd Line: 19
    Info (12023): Found entity 1: estendeSinal File: /home/borg/Documents/MIPS/estendeSinal.vhd Line: 5
Info (12127): Elaborating entity "FDMIPS" for the top level hierarchy
Info (12128): Elaborating entity "registradorGenerico" for hierarchy "registradorGenerico:PC" File: /home/borg/Documents/MIPS/FDMIPS.vhd Line: 65
Info (12128): Elaborating entity "muxGenerico2x1" for hierarchy "muxGenerico2x1:MUXBEQ" File: /home/borg/Documents/MIPS/FDMIPS.vhd Line: 76
Info (12128): Elaborating entity "somadorGenerico" for hierarchy "somadorGenerico:somaSHIFT" File: /home/borg/Documents/MIPS/FDMIPS.vhd Line: 88
Info (12128): Elaborating entity "muxGenerico2x1" for hierarchy "muxGenerico2x1:MUXBCREG3" File: /home/borg/Documents/MIPS/FDMIPS.vhd Line: 99
Info (12128): Elaborating entity "ROMMIPS" for hierarchy "ROMMIPS:ROM" File: /home/borg/Documents/MIPS/FDMIPS.vhd Line: 111
Info (12128): Elaborating entity "somaConstante" for hierarchy "somaConstante:somaQuatro" File: /home/borg/Documents/MIPS/FDMIPS.vhd Line: 122
Info (12128): Elaborating entity "bancoRegistradores" for hierarchy "bancoRegistradores:BancoRegistradores" File: /home/borg/Documents/MIPS/FDMIPS.vhd Line: 145
Info (12128): Elaborating entity "ULA" for hierarchy "ULA:ULA" File: /home/borg/Documents/MIPS/FDMIPS.vhd Line: 172
Info (12128): Elaborating entity "estendeSinal" for hierarchy "estendeSinal:Extensor" File: /home/borg/Documents/MIPS/FDMIPS.vhd Line: 195
Info (12128): Elaborating entity "UC" for hierarchy "UC:UC" File: /home/borg/Documents/MIPS/FDMIPS.vhd Line: 206
Info (12128): Elaborating entity "RAMMIPS" for hierarchy "RAMMIPS:RAM" File: /home/borg/Documents/MIPS/FDMIPS.vhd Line: 213
Info: Quartus Prime Analysis & Elaboration was successful. 0 errors, 1 warning
    Info: Peak virtual memory: 819 megabytes
    Info: Processing ended: Fri Nov  6 19:51:21 2020
    Info: Elapsed time: 00:00:08
    Info: Total CPU time (on all processors): 00:00:20


